commit 93be4d421805a4e3bfa67e4c87015d474e8a5def
Author: CarlosDos <emailDos>
Date:   Fri Apr 28 19:48:48 2017 +0200

    Envío desde otro usuario

commit 32be3ef063aba6bb347b4e2cfb1a0c9b255426a6
Author: CarlosUno <email>
Date:   Fri Apr 28 19:39:44 2017 +0200

    Segundo envío a la otra rama

commit 11c3bb7a1e219e84cb5499011763101a6f6066ac
Author: CarlosUno <email>
Date:   Fri Apr 28 19:37:25 2017 +0200

    Primer envío a la otra rama

commit aca216662a8b4c5c2b096bf71edb91f3dcb88809
Author: CarlosUno <email>
Date:   Fri Apr 28 19:31:59 2017 +0200

    Envío de carpeta

commit d56e49c4782070ca8482cf2aec4b76be524335ee
Author: CarlosUno <email>
Date:   Fri Apr 28 19:28:03 2017 +0200

    Archivo modificado

commit 09ec86a010e80a290ef909b1d761e69746fc1981
Author: CarlosUno <email>
Date:   Fri Apr 28 19:20:34 2017 +0200

    Envío inicial
